0 info it worked if it ends with ok
1 verbose cli [ '/usr/local/Cellar/node/0.10.26/bin/node',
1 verbose cli   '/usr/local/bin/npm',
1 verbose cli   'start' ]
2 info using npm@1.4.3
3 info using node@v0.10.26
4 verbose run-script [ 'prestart', 'start', 'poststart' ]
5 info prestart guernica-softworks@0.0.1
6 verbose unsafe-perm in lifecycle true
7 info start guernica-softworks@0.0.1
8 verbose unsafe-perm in lifecycle true
9 info guernica-softworks@0.0.1 Failed to exec start script
10 error guernica-softworks@0.0.1 start: `http-server ./app/ -a localhost -p 8000 -c-1`
10 error Exit status 8
11 error Failed at the guernica-softworks@0.0.1 start script.
11 error This is most likely a problem with the guernica-softworks package,
11 error not with npm itself.
11 error Tell the author that this fails on your system:
11 error     http-server ./app/ -a localhost -p 8000 -c-1
11 error You can get their info via:
11 error     npm owner ls guernica-softworks
11 error There is likely additional logging output above.
12 error System Darwin 14.0.0
13 error command "/usr/local/Cellar/node/0.10.26/bin/node" "/usr/local/bin/npm" "start"
14 error cwd /Users/guernica0131/Dropbox/Code/guernicaSoft
15 error node -v v0.10.26
16 error npm -v 1.4.3
17 error code ELIFECYCLE
18 verbose exit [ 1, true ]
